<?xml version="1.0" encoding="UTF-8"?>
<testsuite name="com.demospring.demospring.UserDetailsTest" tests="1" skipped="0" failures="0" errors="0" timestamp="2023-09-06T17:53:47" hostname="CHRIS" time="0.285">
  <properties/>
  <testcase name="testFindUserDetailsById()" classname="com.demospring.demospring.UserDetailsTest" time="0.285"/>
  <system-out><![CDATA[20:53:43.384 [Test worker] INFO org.springframework.test.context.support.AnnotationConfigContextLoaderUtils -- Could not detect default configuration classes for test class [com.demospring.demospring.UserDetailsTest]: UserDetailsTest does not declare any static, non-private, non-final, nested classes annotated with @Configuration.
20:53:43.478 [Test worker] INFO org.springframework.boot.test.context.SpringBootTestContextBootstrapper -- Found @SpringBootConfiguration com.demospring.demospring.DemoSpringApplication for test class com.demospring.demospring.UserDetailsTest

  .   ____          _            __ _ _
 /\\ / ___'_ __ _ _(_)_ __  __ _ \ \ \ \
( ( )\___ | '_ | '_| | '_ \/ _` | \ \ \ \
 \\/  ___)| |_)| | | | | || (_| |  ) ) ) )
  '  |____| .__|_| |_|_| |_\__, | / / / /
 =========|_|==============|___/=/_/_/_/
 :: Spring Boot ::                (v3.1.2)

2023-09-06T20:53:43.813+03:00  INFO 2040 --- [    Test worker] c.demospring.demospring.UserDetailsTest  : Starting UserDetailsTest using Java 17.0.8 with PID 2040 (started by Chris in C:\Users\Chris\Desktop\spr\IdeaProjects\demoSpring)
2023-09-06T20:53:43.815+03:00  INFO 2040 --- [    Test worker] c.demospring.demospring.UserDetailsTest  : No active profile set, falling back to 1 default profile: "default"
2023-09-06T20:53:44.277+03:00  INFO 2040 --- [    Test worker] .s.d.r.c.RepositoryConfigurationDelegate : Bootstrapping Spring Data JPA repositories in DEFAULT mode.
2023-09-06T20:53:44.395+03:00  INFO 2040 --- [    Test worker] .s.d.r.c.RepositoryConfigurationDelegate : Finished Spring Data repository scanning in 110 ms. Found 6 JPA repository interfaces.
2023-09-06T20:53:44.732+03:00  INFO 2040 --- [    Test worker] o.hibernate.jpa.internal.util.LogHelper  : HHH000204: Processing PersistenceUnitInfo [name: default]
2023-09-06T20:53:44.786+03:00  INFO 2040 --- [    Test worker] org.hibernate.Version                    : HHH000412: Hibernate ORM core version 6.2.6.Final
2023-09-06T20:53:44.788+03:00  INFO 2040 --- [    Test worker] org.hibernate.cfg.Environment            : HHH000406: Using bytecode reflection optimizer
2023-09-06T20:53:44.907+03:00  INFO 2040 --- [    Test worker] o.h.b.i.BytecodeProviderInitiator        : HHH000021: Bytecode provider name : bytebuddy
2023-09-06T20:53:45.023+03:00  INFO 2040 --- [    Test worker] o.s.o.j.p.SpringPersistenceUnitInfo      : No LoadTimeWeaver setup: ignoring JPA class transformer
2023-09-06T20:53:45.039+03:00  INFO 2040 --- [    Test worker] com.zaxxer.hikari.HikariDataSource       : HikariPool-1 - Starting...
2023-09-06T20:53:45.184+03:00  INFO 2040 --- [    Test worker] com.zaxxer.hikari.pool.HikariPool        : HikariPool-1 - Added connection org.postgresql.jdbc.PgConnection@2570b316
2023-09-06T20:53:45.185+03:00  INFO 2040 --- [    Test worker] com.zaxxer.hikari.HikariDataSource       : HikariPool-1 - Start completed.
2023-09-06T20:53:45.401+03:00  INFO 2040 --- [    Test worker] o.h.b.i.BytecodeProviderInitiator        : HHH000021: Bytecode provider name : bytebuddy
2023-09-06T20:53:45.891+03:00  INFO 2040 --- [    Test worker] o.h.e.t.j.p.i.JtaPlatformInitiator       : HHH000490: Using JtaPlatform implementation: [org.hibernate.engine.transaction.jta.platform.internal.NoJtaPlatform]
Hibernate: alter table if exists products alter column price set data type float(53)
Hibernate: alter table if exists training alter column calories set data type float4
Hibernate: alter table if exists training alter column miles set data type float4
2023-09-06T20:53:45.937+03:00  INFO 2040 --- [    Test worker] j.LocalContainerEntityManagerFactoryBean : Initialized JPA EntityManagerFactory for persistence unit 'default'
2023-09-06T20:53:46.369+03:00  WARN 2040 --- [    Test worker] JpaBaseConfiguration$JpaWebConfiguration : spring.jpa.open-in-view is enabled by default. Therefore, database queries may be performed during view rendering. Explicitly configure spring.jpa.open-in-view to disable this warning
2023-09-06T20:53:46.793+03:00  INFO 2040 --- [    Test worker] o.s.b.t.m.w.SpringBootMockServletContext : Initializing Spring TestDispatcherServlet ''
2023-09-06T20:53:46.793+03:00  INFO 2040 --- [    Test worker] o.s.t.web.servlet.TestDispatcherServlet  : Initializing Servlet ''
2023-09-06T20:53:46.796+03:00  INFO 2040 --- [    Test worker] o.s.t.web.servlet.TestDispatcherServlet  : Completed initialization in 1 ms
2023-09-06T20:53:46.894+03:00  INFO 2040 --- [    Test worker] c.demospring.demospring.UserDetailsTest  : Started UserDetailsTest in 3.302 seconds (process running for 4.306)
Hibernate: select u1_0.id,u1_0.address1,u1_0.address2,u1_0.birthdate,u1_0.city,u1_0.email,u1_0.tk,u1_0.user_id from user_details u1_0 where u1_0.id=?
]]></system-out>
  <system-err><![CDATA[]]></system-err>
</testsuite>
